{"app":"contacts","message":"OC_Contacts_Addressbook::OC_Contacts_Addressbook::setActive, id: 1, active: 1","level":3,"time":1346863203}
{"app":"contacts","message":"OC_Contacts_Addressbook::OC_Contacts_Addressbook::setActive, id: 2, active: 1","level":3,"time":1347350531}
{"app":"contacts","message":"OC_Contacts_Addressbook::OC_Contacts_Addressbook::setActive, id: 3, active: 1","level":3,"time":1347352150}
{"app":"contacts","message":"OC_Contacts_Addressbook::OC_Contacts_Addressbook::setActive, id: 4, active: 1","level":3,"time":1347436390}
{"app":"contacts","message":"\/opt\/local\/apache2\/htdocs\/owncloud45\/apps\/contacts\/ajax\/contact\/addproperty.php. Line: 56: Feld darf nicht leer sein.","level":3,"time":1347457773}
{"app":"contacts","message":"OC_Contacts_Addressbook::OC_Contacts_Addressbook::setActive, id: 5, active: 1","level":3,"time":1347616191}
{"app":"contacts","message":"OC_Contacts_Addressbook::OC_Contacts_Addressbook::setActive, id: 14, active: 1","level":3,"time":1347638131}
{"app":"contacts","message":"OC_Contacts_Addressbook::OC_Contacts_Addressbook::setActive, id: 15, active: 1","level":3,"time":1347893129}
{"app":"OCP\\Share","message":"Share type 4 is not valid for 55","level":3,"time":1347963104}
{"app":"OCP\\Share","message":"Share type 4 is not valid for 55","level":3,"time":1347963197}
{"app":"OCP\\Share","message":"Share type 4 is not valid for 56","level":3,"time":1347963252}
{"app":"files_sharing","message":"File source not found for: \/bilder","level":3,"time":1347963296}
{"app":"files_sharing","message":"File source not found for: \/bilder","level":3,"time":1347963321}
{"app":"files_sharing","message":"File source not found for: \/bilder","level":3,"time":1347963337}
{"app":"files_sharing","message":"File source not found for: \/clientsync\/bilder","level":3,"time":1347963361}
{"app":"files_sharing","message":"File source not found for: \/bilder","level":3,"time":1347963369}
{"app":"contacts","message":"OC_Contacts_Addressbook::OC_Contacts_Addressbook::setActive, id: 16, active: 1","level":3,"time":1347980685}
{"app":"vobject","message":"Invalid VObject, line 1 did not follow the icalendar\/vcard format","level":3,"time":1347985862}
{"app":"vobject","message":"Invalid VObject, line 1 did not follow the icalendar\/vcard format","level":3,"time":1347985862}
{"app":"vobject","message":"Invalid VObject, line 1 did not follow the icalendar\/vcard format","level":3,"time":1347985862}
{"app":"vobject","message":"Invalid VObject, line 1 did not follow the icalendar\/vcard format","level":3,"time":1347985862}
{"app":"vobject","message":"Invalid VObject, line 1 did not follow the icalendar\/vcard format","level":3,"time":1347985862}
{"app":"vobject","message":"Invalid VObject, line 1 did not follow the icalendar\/vcard format","level":3,"time":1347985862}
{"app":"vobject","message":"Invalid VObject, line 1 did not follow the icalendar\/vcard format","level":3,"time":1347985862}
{"app":"contacts","message":"OC_Contacts_Addressbook::OC_Contacts_Addressbook::setActive, id: 17, active: 1","level":3,"time":1348068904}
{"app":"OCP\\Share","message":"Sharing undefined failed, because the sharing backend for folder could not find its source","level":3,"time":1348074312}
{"app":"contacts","message":"OC_Contacts_Addressbook::OC_Contacts_Addressbook::setActive, id: 18, active: 1","level":3,"time":1348140344}
{"app":"contacts","message":"\/opt\/local\/apache2\/htdocs\/owncloud45\/apps\/contacts\/ajax\/contact\/addproperty.php. Line: 56: Feld darf nicht leer sein.","level":3,"time":1348141070}
{"app":"OCP\\Share","message":"Sharing undefined failed, because the sharing backend for folder could not find its source","level":3,"time":1348216382}
{"app":"core","message":"Can't get app storage, app, user not logged in","level":3,"time":1348228285}
{"app":"core","message":"Can't get app storage, app, user not logged in","level":3,"time":1348228285}
{"app":"core","message":"Can't get app storage, app, user not logged in","level":3,"time":1348228285}
{"app":"OCP\\Share","message":"Sharing 78 failed, because this item is already shared with a link","level":3,"time":1348404530}
